 WARN  Unsupported engine: wanted: {"node":"^22.14.0"} (current: {"node":"v24.6.0","pnpm":"10.15.0"})

> @logto/console@1.27.0 check /Users/markwylde/Documents/Projects/logto/packages/console
> tsc --noEmit

src/pages/SignInExperience/PageContent/CollectUserProfile/data-parser.ts(172,3): error TS2322: Type 'Partial<{ name: string; type: CustomProfileFieldType; label: Optional<string>; description: string | undefined; required: boolean; config: { parts: { enabled: boolean; ... 5 more ...; config: { ...; }; }[] | undefined; ... 8 more ...; customFormat: string | undefined; }; }>' is not assignable to type 'Partial<CustomProfileField>'.
  Types of property 'config' are incompatible.
    Type '{ parts: { enabled: boolean; name: string; type: CustomProfileFieldType; label: Optional<string>; description: string | undefined; required: boolean; config: { ...; }; }[] | undefined; ... 8 more ...; customFormat: string | undefined; } | undefined' is not assignable to type '{ options?: { value: string; label?: string | undefined; }[] | undefined; minLength?: number | undefined; maxLength?: number | undefined; placeholder?: string | undefined; minValue?: number | undefined; ... 4 more ...; parts?: { ...; }[] | undefined; } | undefined'.
      Type '{ parts: { enabled: boolean; name: string; type: CustomProfileFieldType; label: Optional<string>; description: string | undefined; required: boolean; config: { ...; }; }[] | undefined; ... 8 more ...; customFormat: string | undefined; }' is not assignable to type '{ options?: { value: string; label?: string | undefined; }[] | undefined; minLength?: number | undefined; maxLength?: number | undefined; placeholder?: string | undefined; minValue?: number | undefined; ... 4 more ...; parts?: { ...; }[] | undefined; }'.
        Types of property 'defaultValue' are incompatible.
          Type 'string | undefined' is not assignable to type '"true" | "false" | undefined'.
            Type 'string' is not assignable to type '"true" | "false" | undefined'.
src/pages/SignInExperience/PageContent/components/CompositionPartsSelector/index.tsx(75,26): error TS2344: Type 'string' does not satisfy the constraint 'Normalize<Readonly<{ title: string; admin_user: string; system_app: string; menu: Readonly<{ profile: string; language: string; appearance: { label: string; light: string; dark: string; system: string; }; sign_out: string; }>; ... 48 more ...; user_identity_details: { ...; }; }>>'.
src/pages/SignInExperience/PageContent/components/CompositionPartsSelector/index.tsx(77,36): error TS2344: Type 'string' does not satisfy the constraint 'Normalize<Readonly<{ title: string; admin_user: string; system_app: string; menu: Readonly<{ profile: string; language: string; appearance: { label: string; light: string; dark: string; system: string; }; sign_out: string; }>; ... 48 more ...; user_identity_details: { ...; }; }>>'.
src/pages/SignInExperience/PageContent/components/ProfileFieldPartSubForm/index.tsx(114,16): error TS2344: Type 'string' does not satisfy the constraint 'Normalize<Readonly<{ title: string; admin_user: string; system_app: string; menu: Readonly<{ profile: string; language: string; appearance: { label: string; light: string; dark: string; system: string; }; sign_out: string; }>; ... 48 more ...; user_identity_details: { ...; }; }>>'.
src/pages/SignInExperience/PageContent/components/ProfileFieldPartSubForm/index.tsx(150,18): error TS2344: Type 'string' does not satisfy the constraint 'Normalize<Readonly<{ title: string; admin_user: string; system_app: string; menu: Readonly<{ profile: string; language: string; appearance: { label: string; light: string; dark: string; system: string; }; sign_out: string; }>; ... 48 more ...; user_identity_details: { ...; }; }>>'.
src/pages/SignInExperience/PageContent/components/ProfileFieldPartSubForm/index.tsx(162,18): error TS2344: Type 'string' does not satisfy the constraint 'Normalize<Readonly<{ title: string; admin_user: string; system_app: string; menu: Readonly<{ profile: string; language: string; appearance: { label: string; light: string; dark: string; system: string; }; sign_out: string; }>; ... 48 more ...; user_identity_details: { ...; }; }>>'.
src/pages/SignInExperience/PageContent/components/ProfileFieldPartSubForm/index.tsx(180,28): error TS2344: Type 'string' does not satisfy the constraint 'Normalize<Readonly<{ title: string; admin_user: string; system_app: string; menu: Readonly<{ profile: string; language: string; appearance: { label: string; light: string; dark: string; system: string; }; sign_out: string; }>; ... 48 more ...; user_identity_details: { ...; }; }>>'.
src/pages/SignInExperience/PageContent/components/ProfileFieldPartSubForm/index.tsx(206,28): error TS2344: Type 'string' does not satisfy the constraint 'Normalize<Readonly<{ title: string; admin_user: string; system_app: string; menu: Readonly<{ profile: string; language: string; appearance: { label: string; light: string; dark: string; system: string; }; sign_out: string; }>; ... 48 more ...; user_identity_details: { ...; }; }>>'.
src/pages/SignInExperience/PageContent/components/ProfileFieldPartSubForm/index.tsx(239,22): error TS2344: Type 'string' does not satisfy the constraint 'Normalize<Readonly<{ title: string; admin_user: string; system_app: string; menu: Readonly<{ profile: string; language: string; appearance: { label: string; light: string; dark: string; system: string; }; sign_out: string; }>; ... 48 more ...; user_identity_details: { ...; }; }>>'.
 ELIFECYCLE  Command failed with exit code 2.
